<?xml version="1.0" encoding="UTF-8"?>
<!-- Generated by org.testng.reporters.JUnitReportReporter -->
<testsuite name="com.test.automation.phrAutomation.homepage.TC002_VerifySHRABp" tests="1" time="129.154" ignored="0" failures="0" timestamp="12 Jul 2017 09:28:53 GMT" skipped="0" hostname="AIH-PC-18" errors="0">
  <testcase name="SHRAwithYBp" time="129.154" classname="com.test.automation.phrAutomation.homepage.TC002_VerifySHRABp"/>
</testsuite> <!-- com.test.automation.phrAutomation.homepage.TC002_VerifySHRABp -->
