<?xml version="1.0" encoding="UTF-8"?>
<!-- Generated by org.testng.reporters.JUnitReportReporter -->
<testsuite name="com.test.automation.phrAutomation.homepage.TC002_VerifySHRAnBP" tests="1" time="117.324" ignored="0" failures="0" timestamp="12 Jul 2017 09:36:35 GMT" skipped="0" hostname="AIH-PC-18" errors="0">
  <testcase name="SHRAwithNoBp" time="117.324" classname="com.test.automation.phrAutomation.homepage.TC002_VerifySHRAnBP"/>
</testsuite> <!-- com.test.automation.phrAutomation.homepage.TC002_VerifySHRAnBP -->
