<?xml version="1.0" encoding="UTF-8"?>
<!-- Generated by org.testng.reporters.JUnitReportReporter -->
<testsuite name="com.test.automation.phrAutomation.homepage.TC003_VerifyLoginWithDiffrentRecords" tests="7" time="244.533" ignored="0" failures="0" timestamp="11 Jul 2017 11:01:44 GMT" skipped="0" hostname="AIH-PC-18" errors="0">
  <testcase name="VerifyLoginandLogout" time="37.489" classname="com.test.automation.phrAutomation.homepage.TC003_VerifyLoginWithDiffrentRecords"/>
  <testcase name="VerifyLoginandLogout" time="34.573" classname="com.test.automation.phrAutomation.homepage.TC003_VerifyLoginWithDiffrentRecords"/>
  <testcase name="VerifyLoginandLogout" time="34.230" classname="com.test.automation.phrAutomation.homepage.TC003_VerifyLoginWithDiffrentRecords"/>
  <testcase name="VerifyLoginandLogout" time="34.453" classname="com.test.automation.phrAutomation.homepage.TC003_VerifyLoginWithDiffrentRecords"/>
  <testcase name="VerifyLoginandLogout" time="35.135" classname="com.test.automation.phrAutomation.homepage.TC003_VerifyLoginWithDiffrentRecords"/>
  <testcase name="VerifyLoginandLogout" time="34.325" classname="com.test.automation.phrAutomation.homepage.TC003_VerifyLoginWithDiffrentRecords"/>
  <testcase name="VerifyLoginandLogout" time="34.328" classname="com.test.automation.phrAutomation.homepage.TC003_VerifyLoginWithDiffrentRecords"/>
</testsuite> <!-- com.test.automation.phrAutomation.homepage.TC003_VerifyLoginWithDiffrentRecords -->
