<?xml version="1.0" encoding="UTF-8"?>
<!-- Generated by org.testng.reporters.JUnitReportReporter -->
<testsuite name="com.test.automation.phrAutomation.homepage.TC004_Complete_FlowandExit" tests="1" time="240.072" ignored="0" failures="0" timestamp="18 Jul 2017 12:02:57 GMT" skipped="0" hostname="AIH-PC-18" errors="0">
  <testcase name="Complete_FlowandExit" time="240.072" classname="com.test.automation.phrAutomation.homepage.TC004_Complete_FlowandExit"/>
</testsuite> <!-- com.test.automation.phrAutomation.homepage.TC004_Complete_FlowandExit -->
